[debug] [2018-11-27T13:34:44.071Z] ----------------------------------------------------------------------
[debug] [2018-11-27T13:34:44.073Z] Command:       C:\Program Files\nodejs\node.exe C:\Users\samue\AppData\Roaming\npm\node_modules\firebase-tools\lib\bin\firebase.js init
[debug] [2018-11-27T13:34:44.074Z] CLI Version:   6.1.1
[debug] [2018-11-27T13:34:44.074Z] Platform:      win32
[debug] [2018-11-27T13:34:44.074Z] Node Version:  v8.12.0
[debug] [2018-11-27T13:34:44.074Z] Time:          Tue Nov 27 2018 09:34:44 GMT-0400 (Venezuela Standard Time)
[debug] [2018-11-27T13:34:44.074Z] ----------------------------------------------------------------------
[debug] 
[debug] [2018-11-27T13:34:44.090Z] > command requires scopes: ["email","openid","https://www.googleapis.com/auth/cloudplatformprojects.readonly","https://www.googleapis.com/auth/firebase","https://www.googleapis.com/auth/cloud-platform"]
[debug] [2018-11-27T13:34:44.091Z] > authorizing via signed-in user
[info] 
     ######## #### ########  ######## ########     ###     ######  ########
     ##        ##  ##     ## ##       ##     ##  ##   ##  ##       ##
     ######    ##  ########  ######   ########  #########  ######  ######
     ##        ##  ##    ##  ##       ##     ## ##     ##       ## ##
     ##       #### ##     ## ######## ########  ##     ##  ######  ########

You're about to initialize a Firebase project in this directory:

  C:\Users\samue\proyecto

Before we get started, keep in mind:

  * You are initializing in an existing Firebase project directory

[error] 
[error] Error: Aborted by user.
